Replace Part C25 C in H:\Project\Ebike_Motor_Driver\pcb\ControllorBoard\ver0.1\ControllorBoardVer0.1\driver.SchDoc with C from Capacitor.SchLib
Replace Part C26 C in H:\Project\Ebike_Motor_Driver\pcb\ControllorBoard\ver0.1\ControllorBoardVer0.1\driver.SchDoc with C from Capacitor.SchLib
Replace Part C27 C in H:\Project\Ebike_Motor_Driver\pcb\ControllorBoard\ver0.1\ControllorBoardVer0.1\driver.SchDoc with C from Capacitor.SchLib
Replace Part C28 C in H:\Project\Ebike_Motor_Driver\pcb\ControllorBoard\ver0.1\ControllorBoardVer0.1\driver.SchDoc with C from Capacitor.SchLib
Replace Part C29 C in H:\Project\Ebike_Motor_Driver\pcb\ControllorBoard\ver0.1\ControllorBoardVer0.1\driver.SchDoc with C from Capacitor.SchLib
Replace Part C30 C in H:\Project\Ebike_Motor_Driver\pcb\ControllorBoard\ver0.1\ControllorBoardVer0.1\driver.SchDoc with C from Capacitor.SchLib
Replace Part C31 C in H:\Project\Ebike_Motor_Driver\pcb\ControllorBoard\ver0.1\ControllorBoardVer0.1\driver.SchDoc with C from Capacitor.SchLib
Replace Part C32 C in H:\Project\Ebike_Motor_Driver\pcb\ControllorBoard\ver0.1\ControllorBoardVer0.1\driver.SchDoc with C from Capacitor.SchLib
Replace Part C33 C in H:\Project\Ebike_Motor_Driver\pcb\ControllorBoard\ver0.1\ControllorBoardVer0.1\driver.SchDoc with C from Capacitor.SchLib
Replace Part D1 FR107 in H:\Project\Ebike_Motor_Driver\pcb\ControllorBoard\ver0.1\ControllorBoardVer0.1\driver.SchDoc with FR107 from Diode.SchLib
Replace Part D2 FR107 in H:\Project\Ebike_Motor_Driver\pcb\ControllorBoard\ver0.1\ControllorBoardVer0.1\driver.SchDoc with FR107 from Diode.SchLib
Replace Part D3 1N4148 in H:\Project\Ebike_Motor_Driver\pcb\ControllorBoard\ver0.1\ControllorBoardVer0.1\driver.SchDoc with 1N4148 from Diode.SchLib
Replace Part D4 1N4148 in H:\Project\Ebike_Motor_Driver\pcb\ControllorBoard\ver0.1\ControllorBoardVer0.1\driver.SchDoc with 1N4148 from Diode.SchLib
Replace Part D5 1N4148 in H:\Project\Ebike_Motor_Driver\pcb\ControllorBoard\ver0.1\ControllorBoardVer0.1\driver.SchDoc with 1N4148 from Diode.SchLib
Replace Part D6 1N4148 in H:\Project\Ebike_Motor_Driver\pcb\ControllorBoard\ver0.1\ControllorBoardVer0.1\driver.SchDoc with 1N4148 from Diode.SchLib
Replace Part D7 FR107 in H:\Project\Ebike_Motor_Driver\pcb\ControllorBoard\ver0.1\ControllorBoardVer0.1\driver.SchDoc with FR107 from Diode.SchLib
Replace Part D8 1N4148 in H:\Project\Ebike_Motor_Driver\pcb\ControllorBoard\ver0.1\ControllorBoardVer0.1\driver.SchDoc with 1N4148 from Diode.SchLib
Replace Part D9 1N4148 in H:\Project\Ebike_Motor_Driver\pcb\ControllorBoard\ver0.1\ControllorBoardVer0.1\driver.SchDoc with 1N4148 from Diode.SchLib
Replace Part R15 R in H:\Project\Ebike_Motor_Driver\pcb\ControllorBoard\ver0.1\ControllorBoardVer0.1\driver.SchDoc with R from Resistor.SchLib
Replace Part R16 R in H:\Project\Ebike_Motor_Driver\pcb\ControllorBoard\ver0.1\ControllorBoardVer0.1\driver.SchDoc with R from Resistor.SchLib
Replace Part R17 R in H:\Project\Ebike_Motor_Driver\pcb\ControllorBoard\ver0.1\ControllorBoardVer0.1\driver.SchDoc with R from Resistor.SchLib
Replace Part R18 R in H:\Project\Ebike_Motor_Driver\pcb\ControllorBoard\ver0.1\ControllorBoardVer0.1\driver.SchDoc with R from Resistor.SchLib
Replace Part R19 R in H:\Project\Ebike_Motor_Driver\pcb\ControllorBoard\ver0.1\ControllorBoardVer0.1\driver.SchDoc with R from Resistor.SchLib
Replace Part R20 R in H:\Project\Ebike_Motor_Driver\pcb\ControllorBoard\ver0.1\ControllorBoardVer0.1\driver.SchDoc with R from Resistor.SchLib
Replace Part R21 R in H:\Project\Ebike_Motor_Driver\pcb\ControllorBoard\ver0.1\ControllorBoardVer0.1\driver.SchDoc with R from Resistor.SchLib
Replace Part R22 R in H:\Project\Ebike_Motor_Driver\pcb\ControllorBoard\ver0.1\ControllorBoardVer0.1\driver.SchDoc with R from Resistor.SchLib
Replace Part R23 R in H:\Project\Ebike_Motor_Driver\pcb\ControllorBoard\ver0.1\ControllorBoardVer0.1\driver.SchDoc with R from Resistor.SchLib
Replace Part R24 R in H:\Project\Ebike_Motor_Driver\pcb\ControllorBoard\ver0.1\ControllorBoardVer0.1\driver.SchDoc with R from Resistor.SchLib
Replace Part R25 R in H:\Project\Ebike_Motor_Driver\pcb\ControllorBoard\ver0.1\ControllorBoardVer0.1\driver.SchDoc with R from Resistor.SchLib
Replace Part R26 R in H:\Project\Ebike_Motor_Driver\pcb\ControllorBoard\ver0.1\ControllorBoardVer0.1\driver.SchDoc with R from Resistor.SchLib
Replace Part R27 R in H:\Project\Ebike_Motor_Driver\pcb\ControllorBoard\ver0.1\ControllorBoardVer0.1\driver.SchDoc with R from Resistor.SchLib
Replace Part R28 R in H:\Project\Ebike_Motor_Driver\pcb\ControllorBoard\ver0.1\ControllorBoardVer0.1\driver.SchDoc with R from Resistor.SchLib
Replace Part R29 R in H:\Project\Ebike_Motor_Driver\pcb\ControllorBoard\ver0.1\ControllorBoardVer0.1\driver.SchDoc with R from Resistor.SchLib
Replace Part R30 R in H:\Project\Ebike_Motor_Driver\pcb\ControllorBoard\ver0.1\ControllorBoardVer0.1\driver.SchDoc with R from Resistor.SchLib
Replace Part R31 R in H:\Project\Ebike_Motor_Driver\pcb\ControllorBoard\ver0.1\ControllorBoardVer0.1\driver.SchDoc with R from Resistor.SchLib
Replace Part R32 R in H:\Project\Ebike_Motor_Driver\pcb\ControllorBoard\ver0.1\ControllorBoardVer0.1\driver.SchDoc with R from Resistor.SchLib
Replace Part R33 R in H:\Project\Ebike_Motor_Driver\pcb\ControllorBoard\ver0.1\ControllorBoardVer0.1\driver.SchDoc with R from Resistor.SchLib
Replace Part R34 R in H:\Project\Ebike_Motor_Driver\pcb\ControllorBoard\ver0.1\ControllorBoardVer0.1\driver.SchDoc with R from Resistor.SchLib
Replace Part R35 R in H:\Project\Ebike_Motor_Driver\pcb\ControllorBoard\ver0.1\ControllorBoardVer0.1\driver.SchDoc with R from Resistor.SchLib
Replace Part R36 R in H:\Project\Ebike_Motor_Driver\pcb\ControllorBoard\ver0.1\ControllorBoardVer0.1\driver.SchDoc with R from Resistor.SchLib
Replace Part R37 R in H:\Project\Ebike_Motor_Driver\pcb\ControllorBoard\ver0.1\ControllorBoardVer0.1\driver.SchDoc with R from Resistor.SchLib
Replace Part R38 R in H:\Project\Ebike_Motor_Driver\pcb\ControllorBoard\ver0.1\ControllorBoardVer0.1\driver.SchDoc with R from Resistor.SchLib
Replace Part U？ EG3113 in H:\Project\Ebike_Motor_Driver\pcb\ControllorBoard\ver0.1\ControllorBoardVer0.1\driver.SchDoc with EG3113 from 栅极驱动.SchLib
Replace Part U？1 EG3113 in H:\Project\Ebike_Motor_Driver\pcb\ControllorBoard\ver0.1\ControllorBoardVer0.1\driver.SchDoc with EG3113 from 栅极驱动.SchLib
Replace Part U？2 EG3113 in H:\Project\Ebike_Motor_Driver\pcb\ControllorBoard\ver0.1\ControllorBoardVer0.1\driver.SchDoc with EG3113 from 栅极驱动.SchLib
