Removed Pin From Net: NetName=VCC12V Pin=U£¿1-1
Removed Pin From Net: NetName=NetR20_2 Pin=U£¿1-2
Removed Pin From Net: NetName=NetR26_2 Pin=U£¿1-3
Removed Pin From Net: NetName=GND Pin=U£¿1-4
Removed Pin From Net: NetName=NetD6_2 Pin=U£¿1-5
Removed Pin From Net: NetName=NetR24_1 Pin=U£¿1-6
Removed Pin From Net: NetName=NetD4_2 Pin=U£¿1-7
Removed Pin From Net: NetName=NetC26_2 Pin=U£¿1-8
Removed Pin From Net: NetName=VCC12V Pin=U£¿2-1
Removed Pin From Net: NetName=NetR33_2 Pin=U£¿2-2
Removed Pin From Net: NetName=NetR36_2 Pin=U£¿2-3
Removed Pin From Net: NetName=GND Pin=U£¿2-4
Removed Pin From Net: NetName=NetD9_2 Pin=U£¿2-5
Removed Pin From Net: NetName=NetR35_1 Pin=U£¿2-6
Removed Pin From Net: NetName=NetD8_2 Pin=U£¿2-7
Removed Pin From Net: NetName=NetC31_2 Pin=U£¿2-8
Remove Pin from Net: Failed to remove Pin
Removed Pin From Net: NetName=VCC12V Pin=U£¿-1
Removed Pin From Net: NetName=NetR19_2 Pin=U£¿-2
Remove Pin from Net: Failed to remove Pin
Removed Pin From Net: NetName=NetR25_2 Pin=U£¿-3
Remove Pin from Net: Failed to remove Pin
Removed Pin From Net: NetName=GND Pin=U£¿-4
Remove Pin from Net: Failed to remove Pin
Remove Pin from Net: Failed to remove Pin
Removed Pin From Net: NetName=NetD5_2 Pin=U£¿-5
Removed Pin From Net: NetName=NetR23_1 Pin=U£¿-6
Remove Pin from Net: Failed to remove Pin
Removed Pin From Net: NetName=NetD3_2 Pin=U£¿-7
Remove Pin from Net: Failed to remove Pin
Removed Pin From Net: NetName=NetC25_2 Pin=U£¿-8
Remove Pin from Net: Unknown Pin: Pin U£¿-9
Removed Member From Class: ClassName=driver Member=U£¿1
Removed Member From Class: ClassName=driver Member=U£¿2
Removed Member From Class: ClassName=driver Member=U£¿
Removed Member From Class: ClassName=power Member=U£¿
Change Component Footprint: Designator=C10 Old Footprint=c0603_l New Footprint=C 0201_L
Change Component Footprint: Designator=C13 Old Footprint=c0603_l New Footprint=C 0201_L
Change Component Footprint: Designator=C14 Old Footprint=c0603_l New Footprint=C 0201_L
Change Component Footprint: Designator=C20 Old Footprint=c0603_l New Footprint=C 0201_L
Change Component Footprint: Designator=C21 Old Footprint=c0603_l New Footprint=C 0201_L
Change Component Footprint: Designator=C23 Old Footprint=c0603_l New Footprint=C 0201_L
Change Component Footprint: Designator=C24 Old Footprint=c0603_l New Footprint=C 0201_L
Change Component Footprint: Designator=C1 Old Footprint=C0603_l New Footprint=MLCC5.08-A
Change Component Footprint: Designator=C2 Old Footprint=C0603_l New Footprint=MLCC5.08-A
Change Component Footprint: Designator=C5 Old Footprint=C0603_l New Footprint=MLCC5.08-A
Change Component Footprint: Designator=C6 Old Footprint=C0603_l New Footprint=MLCC5.08-A
Change Component Footprint: Designator=C7 Old Footprint=C0603_l New Footprint=MLCC5.08-A
Change Component Footprint: Designator=C8 Old Footprint=C0603_l New Footprint=MLCC5.08-A
Change Component Footprint: Designator=C9 Old Footprint=C0603_l New Footprint=MLCC5.08-A
Change Component Footprint: Designator=C19 Old Footprint=C0603_l New Footprint=MLCC5.08-A
Change Component Footprint: Designator=C22 Old Footprint=C0603_l New Footprint=MLCC5.08-A
Change Component Footprint: Designator=C11 Old Footprint=C1206_l New Footprint=C 0201_L
Change Component Footprint: Designator=C12 Old Footprint=C1206_l New Footprint=C 0201_L
Change Component Footprint: Designator=C15 Old Footprint=c1206_l New Footprint=C 0201_L
Change Component Footprint: Designator=C16 Old Footprint=c1206_l New Footprint=C 0201_L
Change Component Footprint: Designator=C17 Old Footprint=c1206_l New Footprint=C 0201_L
Change Component Footprint: Designator=C18 Old Footprint=c1206_l New Footprint=C 0201_L
Change Component Footprint: Designator=C3 Old Footprint=C1206_l New Footprint=MLCC5.08-A
Change Component Footprint: Designator=C4 Old Footprint=C1206_l New Footprint=MLCC5.08-A
Change Component Footprint: Designator=E1 Old Footprint=CT 6*4 - V New Footprint=CD A(3216)
Change Component Footprint: Designator=L2 Old Footprint=NR4020 New Footprint=L 0402_L
Change Component Footprint: Designator=L1 Old Footprint=NR6028 New Footprint=L 0402_L
Change Component Footprint: Designator=R1 Old Footprint=r0603_l New Footprint=R 0201_L
Change Component Footprint: Designator=R2 Old Footprint=r0603_l New Footprint=R 0201_L
Change Component Footprint: Designator=R3 Old Footprint=r0603_l New Footprint=R 0201_L
Change Component Footprint: Designator=R4 Old Footprint=r0603_l New Footprint=R 0201_L
Change Component Footprint: Designator=R5 Old Footprint=r0603_l New Footprint=R 0201_L
Change Component Footprint: Designator=R6 Old Footprint=r0603_l New Footprint=R 0201_L
Change Component Footprint: Designator=R7 Old Footprint=r0603_l New Footprint=R 0201_L
Change Component Footprint: Designator=R8 Old Footprint=r0603_l New Footprint=R 0201_L
Change Component Footprint: Designator=R9 Old Footprint=r0603_l New Footprint=R 0201_L
Change Component Footprint: Designator=R10 Old Footprint=r0603_l New Footprint=R 0201_L
Change Component Footprint: Designator=R11 Old Footprint=r0603_l New Footprint=R 0201_L
Change Component Footprint: Designator=R12 Old Footprint=r0603_l New Footprint=R 0201_L
Change Component Footprint: Designator=R13 Old Footprint=r0603_l New Footprint=R 0201_L
Change Component Footprint: Designator=R14 Old Footprint=r0603_l New Footprint=R 0201_L
Change Component Footprint: Designator=JP1 Old Footprint=ÌùÆ¬ÅÅÄ¸2.54mm_½»´í_8P New Footprint=XH2.54-WI-8P
Change Component Footprint: Designator=JP2 Old Footprint=ÌùÆ¬ÅÅÄ¸2.54mm_½»´í_8P New Footprint=XH2.54-WI-8P
Change Component Footprint: Designator=JP3 Old Footprint=ÌùÆ¬ÅÅÄ¸2.54mm_½»´í_8P New Footprint=XH2.54-WI-8P
Change Component Comment : Designator=R7 Old Comment=0R 1% New Comment=1K 1%
Change Component Comment : Designator=R14 Old Comment=0R 1% New Comment=1K 1%
Change Component Comment : Designator=C13 Old Comment=1uF/25V New Comment=Capacitor
Change Component Comment : Designator=C7 Old Comment=3.3nF 100V New Comment=224
Change Component Comment : Designator=C14 Old Comment=3.3nF/25V New Comment=Capacitor
Change Component Comment : Designator=C8 Old Comment=4.7uF  16V New Comment=224
Change Component Comment : Designator=C9 Old Comment=4.7uF  16V New Comment=224
Change Component Comment : Designator=C19 Old Comment=4.7uF  16V New Comment=224
Change Component Comment : Designator=C22 Old Comment=4.7uF  16V New Comment=224
Change Component Comment : Designator=C5 Old Comment=4.7uF  25V New Comment=224
Change Component Comment : Designator=L2 Old Comment=8.2uH New Comment=10uH
Change Component Comment : Designator=R6 Old Comment=10K 1% New Comment=1K 1%
Change Component Comment : Designator=E1 Old Comment=10uF 100V New Comment=10uF/6.3V
Change Component Comment : Designator=C11 Old Comment=10uF/25V New Comment=Capacitor
Change Component Comment : Designator=C12 Old Comment=10uF/25V New Comment=Capacitor
Change Component Comment : Designator=R9 Old Comment=18.7K 1% New Comment=1K 1%
Change Component Comment : Designator=R13 Old Comment=19.1K 1% New Comment=1K 1%
Change Component Comment : Designator=C23 Old Comment=22pF/16V New Comment=Capacitor
Change Component Comment : Designator=C24 Old Comment=22pF/16V New Comment=Capacitor
Change Component Comment : Designator=C3 Old Comment=22uF  25V New Comment=224
Change Component Comment : Designator=C4 Old Comment=22uF  25V New Comment=224
Change Component Comment : Designator=C15 Old Comment=22uF/16V New Comment=Capacitor
Change Component Comment : Designator=C16 Old Comment=22uF/16V New Comment=Capacitor
Change Component Comment : Designator=C17 Old Comment=22uF/16V New Comment=Capacitor
Change Component Comment : Designator=C18 Old Comment=22uF/16V New Comment=Capacitor
Change Component Comment : Designator=L1 Old Comment=33uH  New Comment=10uH
Change Component Comment : Designator=R1 Old Comment=60K 5% New Comment=1K 1%
Change Component Comment : Designator=R2 Old Comment=60K 5% New Comment=1K 1%
Change Component Comment : Designator=R5 Old Comment=60K 5% New Comment=1K 1%
Change Component Comment : Designator=C20 Old Comment=68pF/25V New Comment=Capacitor
Change Component Comment : Designator=R3 Old Comment=100K 1% New Comment=1K 1%
Change Component Comment : Designator=R4 Old Comment=100K 1% New Comment=1K 1%
Change Component Comment : Designator=R10 Old Comment=100K 1% New Comment=1K 1%
Change Component Comment : Designator=C6 Old Comment=100nF  25V New Comment=224
Change Component Comment : Designator=C1 Old Comment=100nF 100V New Comment=224
Change Component Comment : Designator=C2 Old Comment=100nF 100V New Comment=224
Change Component Comment : Designator=C10 Old Comment=100nF/25V New Comment=Capacitor
Change Component Comment : Designator=C21 Old Comment=560pF/25V New Comment=Capacitor
Change Designator: Unknown Component : Hole?
Change Designator: Unknown Component : Hole?
Added Component: Designator=U5(ESOP8_N)
Added Component: Designator=U6(SOP-8)
Added Component: Designator=U7(SOP-8)
Added Component: Designator=U8(SOP-8)
Add Pin To Net: Unknown Pin: Pin U1-1
Add Pin To Net: Unknown Pin: Pin U1-2
Add Pin To Net: Unknown Pin: Pin U1-3
Add Pin To Net: Unknown Pin: Pin U1-4
Add Pin To Net: Unknown Pin: Pin U1-5
Added Pin To Net: NetName=GND Pin=U5-1
Added Pin To Net: NetName=VBUS Pin=U5-2
Added Pin To Net: NetName=VBUS Pin=U5-3
Added Pin To Net: NetName=NetR2_1 Pin=U5-4
Added Pin To Net: NetName=NetC7_1 Pin=U5-5
Added Pin To Net: NetName=NetC1_2 Pin=U5-7
Added Pin To Net: NetName=NetC1_1 Pin=U5-8
Added Pin To Net: NetName=GND Pin=U5-9
Added Pin To Net: NetName=VCC12V Pin=U6-1
Added Pin To Net: NetName=NetR19_2 Pin=U6-2
Added Pin To Net: NetName=NetR25_2 Pin=U6-3
Added Pin To Net: NetName=GND Pin=U6-4
Added Pin To Net: NetName=NetD5_2 Pin=U6-5
Added Pin To Net: NetName=NetR23_1 Pin=U6-6
Added Pin To Net: NetName=NetD3_2 Pin=U6-7
Added Pin To Net: NetName=NetC25_2 Pin=U6-8
Added Pin To Net: NetName=VCC12V Pin=U7-1
Added Pin To Net: NetName=NetR20_2 Pin=U7-2
Added Pin To Net: NetName=NetR26_2 Pin=U7-3
Added Pin To Net: NetName=GND Pin=U7-4
Added Pin To Net: NetName=NetD6_2 Pin=U7-5
Added Pin To Net: NetName=NetR24_1 Pin=U7-6
Added Pin To Net: NetName=NetD4_2 Pin=U7-7
Added Pin To Net: NetName=NetC26_2 Pin=U7-8
Added Pin To Net: NetName=VCC12V Pin=U8-1
Added Pin To Net: NetName=NetR33_2 Pin=U8-2
Added Pin To Net: NetName=NetR36_2 Pin=U8-3
Added Pin To Net: NetName=GND Pin=U8-4
Added Pin To Net: NetName=NetD9_2 Pin=U8-5
Added Pin To Net: NetName=NetR35_1 Pin=U8-6
Added Pin To Net: NetName=NetD8_2 Pin=U8-7
Added Pin To Net: NetName=NetC31_2 Pin=U8-8
Add Class Member: Failed to add class member : Component Hole6 M3ÂÝÎÆ¿×
Add Class Member: Failed to add class member : Component U1 TP132C33D4_X2SON
Added Member To Class: ClassName=power Member=Component U5 KP521001
Added Member To Class: ClassName=driver Member=Component U6 EG3113
Added Member To Class: ClassName=driver Member=Component U7 EG3113
Added Member To Class: ClassName=driver Member=Component U8 EG3113
