Remove Pin from Net: Failed to remove Pin
Added Component: Designator=C43(C0603_L)
Add component (AddParameter): Name = "BOM名称"; Value = "独石电容"; VariantName = "[No Variations]"
Add component (AddParameter): Name = "学习资源"; Value = "www.ooocke.com"; VariantName = "[No Variations]"
Add component (AddParameter): Name = "版权归属"; Value = "源创客"; VariantName = "[No Variations]"
Added Component: Designator=C44(C0603_L)
Add component (AddParameter): Name = "BOM名称"; Value = "独石电容"; VariantName = "[No Variations]"
Add component (AddParameter): Name = "学习资源"; Value = "www.ooocke.com"; VariantName = "[No Variations]"
Add component (AddParameter): Name = "版权归属"; Value = "源创客"; VariantName = "[No Variations]"
Added Component: Designator=C45(C0603_L)
Add component (AddParameter): Name = "BOM名称"; Value = "独石电容"; VariantName = "[No Variations]"
Add component (AddParameter): Name = "学习资源"; Value = "www.ooocke.com"; VariantName = "[No Variations]"
Add component (AddParameter): Name = "版权归属"; Value = "源创客"; VariantName = "[No Variations]"
Added Component: Designator=C46(C0603_L)
Add component (AddParameter): Name = "BOM名称"; Value = "独石电容"; VariantName = "[No Variations]"
Add component (AddParameter): Name = "学习资源"; Value = "www.ooocke.com"; VariantName = "[No Variations]"
Add component (AddParameter): Name = "版权归属"; Value = "源创客"; VariantName = "[No Variations]"
Added Component: Designator=C47(C0603_L)
Add component (AddParameter): Name = "BOM名称"; Value = "独石电容"; VariantName = "[No Variations]"
Add component (AddParameter): Name = "学习资源"; Value = "www.ooocke.com"; VariantName = "[No Variations]"
Add component (AddParameter): Name = "版权归属"; Value = "源创客"; VariantName = "[No Variations]"
Added Component: Designator=C48(C0603_L)
Add component (AddParameter): Name = "BOM名称"; Value = "独石电容"; VariantName = "[No Variations]"
Add component (AddParameter): Name = "学习资源"; Value = "www.ooocke.com"; VariantName = "[No Variations]"
Add component (AddParameter): Name = "版权归属"; Value = "源创客"; VariantName = "[No Variations]"
Added Pin To Net: NetName=GND Pin=C43-1
Added Pin To Net: NetName=VCC3.3V Pin=C43-2
Added Pin To Net: NetName=GND Pin=C44-1
Added Pin To Net: NetName=VCC3.3V Pin=C44-2
Added Pin To Net: NetName=GND Pin=C45-1
Added Pin To Net: NetName=VCC3.3V Pin=C45-2
Added Pin To Net: NetName=GND Pin=C46-1
Added Pin To Net: NetName=VCC3.3V Pin=C46-2
Added Pin To Net: NetName=GND Pin=C47-1
Added Pin To Net: NetName=VCCA3.3V Pin=C47-2
Added Pin To Net: NetName=GND Pin=C48-1
Added Pin To Net: NetName=VCCA3.3V Pin=C48-2
Added Member To Class: ClassName=mcu Member=Component C43 100nF 6.3V
Added Member To Class: ClassName=mcu Member=Component C44 100nF 6.3V
Added Member To Class: ClassName=mcu Member=Component C45 100nF 6.3V
Added Member To Class: ClassName=mcu Member=Component C46 100nF 6.3V
Added Member To Class: ClassName=mcu Member=Component C47 4.7uF 6.3V
Added Member To Class: ClassName=mcu Member=Component C48 100nF 6.3V
