Replace Part C1 C-MLCC in H:\Project\Ebike_Motor_Driver\pcb\ControllorBoard\ver0.1\ControllorBoardVer0.1\power.SchDoc with C-MLCC from Capacitor.SchLib
Replace Part C2 C-MLCC in H:\Project\Ebike_Motor_Driver\pcb\ControllorBoard\ver0.1\ControllorBoardVer0.1\power.SchDoc with C-MLCC from Capacitor.SchLib
Replace Part C3 C-MLCC in H:\Project\Ebike_Motor_Driver\pcb\ControllorBoard\ver0.1\ControllorBoardVer0.1\power.SchDoc with C-MLCC from Capacitor.SchLib
Replace Part C4 C-MLCC in H:\Project\Ebike_Motor_Driver\pcb\ControllorBoard\ver0.1\ControllorBoardVer0.1\power.SchDoc with C-MLCC from Capacitor.SchLib
Replace Part C5 C-MLCC in H:\Project\Ebike_Motor_Driver\pcb\ControllorBoard\ver0.1\ControllorBoardVer0.1\power.SchDoc with C-MLCC from Capacitor.SchLib
Replace Part C6 C-MLCC in H:\Project\Ebike_Motor_Driver\pcb\ControllorBoard\ver0.1\ControllorBoardVer0.1\power.SchDoc with C-MLCC from Capacitor.SchLib
Replace Part C7 C-MLCC in H:\Project\Ebike_Motor_Driver\pcb\ControllorBoard\ver0.1\ControllorBoardVer0.1\power.SchDoc with C-MLCC from Capacitor.SchLib
Replace Part C8 C-MLCC in H:\Project\Ebike_Motor_Driver\pcb\ControllorBoard\ver0.1\ControllorBoardVer0.1\power.SchDoc with C-MLCC from Capacitor.SchLib
Replace Part C9 C-MLCC in H:\Project\Ebike_Motor_Driver\pcb\ControllorBoard\ver0.1\ControllorBoardVer0.1\power.SchDoc with C-MLCC from Capacitor.SchLib
Replace Part C10 C in H:\Project\Ebike_Motor_Driver\pcb\ControllorBoard\ver0.1\ControllorBoardVer0.1\power.SchDoc with C from Capacitor.SchLib
Replace Part C11 C in H:\Project\Ebike_Motor_Driver\pcb\ControllorBoard\ver0.1\ControllorBoardVer0.1\power.SchDoc with C from Capacitor.SchLib
Replace Part C12 C in H:\Project\Ebike_Motor_Driver\pcb\ControllorBoard\ver0.1\ControllorBoardVer0.1\power.SchDoc with C from Capacitor.SchLib
Replace Part C13 C in H:\Project\Ebike_Motor_Driver\pcb\ControllorBoard\ver0.1\ControllorBoardVer0.1\power.SchDoc with C from Capacitor.SchLib
Replace Part C14 C in H:\Project\Ebike_Motor_Driver\pcb\ControllorBoard\ver0.1\ControllorBoardVer0.1\power.SchDoc with C from Capacitor.SchLib
Replace Part C15 C in H:\Project\Ebike_Motor_Driver\pcb\ControllorBoard\ver0.1\ControllorBoardVer0.1\power.SchDoc with C from Capacitor.SchLib
Replace Part C16 C in H:\Project\Ebike_Motor_Driver\pcb\ControllorBoard\ver0.1\ControllorBoardVer0.1\power.SchDoc with C from Capacitor.SchLib
Replace Part C17 C in H:\Project\Ebike_Motor_Driver\pcb\ControllorBoard\ver0.1\ControllorBoardVer0.1\power.SchDoc with C from Capacitor.SchLib
Replace Part C18 C in H:\Project\Ebike_Motor_Driver\pcb\ControllorBoard\ver0.1\ControllorBoardVer0.1\power.SchDoc with C from Capacitor.SchLib
Replace Part C19 C-MLCC in H:\Project\Ebike_Motor_Driver\pcb\ControllorBoard\ver0.1\ControllorBoardVer0.1\power.SchDoc with C-MLCC from Capacitor.SchLib
Replace Part C20 C in H:\Project\Ebike_Motor_Driver\pcb\ControllorBoard\ver0.1\ControllorBoardVer0.1\power.SchDoc with C from Capacitor.SchLib
Replace Part C21 C in H:\Project\Ebike_Motor_Driver\pcb\ControllorBoard\ver0.1\ControllorBoardVer0.1\power.SchDoc with C from Capacitor.SchLib
Replace Part C22 C-MLCC in H:\Project\Ebike_Motor_Driver\pcb\ControllorBoard\ver0.1\ControllorBoardVer0.1\power.SchDoc with C-MLCC from Capacitor.SchLib
Replace Part E1 C-CD in H:\Project\Ebike_Motor_Driver\pcb\ControllorBoard\ver0.1\ControllorBoardVer0.1\power.SchDoc with C-CD from Capacitor.SchLib
Replace Part L1 L in H:\Project\Ebike_Motor_Driver\pcb\ControllorBoard\ver0.1\ControllorBoardVer0.1\power.SchDoc with L from Inductor.SchLib
Replace Part L2 L in H:\Project\Ebike_Motor_Driver\pcb\ControllorBoard\ver0.1\ControllorBoardVer0.1\power.SchDoc with L from Inductor.SchLib
Replace Part R1 R in H:\Project\Ebike_Motor_Driver\pcb\ControllorBoard\ver0.1\ControllorBoardVer0.1\power.SchDoc with R from Resistor.SchLib
Replace Part R2 R in H:\Project\Ebike_Motor_Driver\pcb\ControllorBoard\ver0.1\ControllorBoardVer0.1\power.SchDoc with R from Resistor.SchLib
Replace Part R3 R in H:\Project\Ebike_Motor_Driver\pcb\ControllorBoard\ver0.1\ControllorBoardVer0.1\power.SchDoc with R from Resistor.SchLib
Replace Part R4 R in H:\Project\Ebike_Motor_Driver\pcb\ControllorBoard\ver0.1\ControllorBoardVer0.1\power.SchDoc with R from Resistor.SchLib
Replace Part R5 R in H:\Project\Ebike_Motor_Driver\pcb\ControllorBoard\ver0.1\ControllorBoardVer0.1\power.SchDoc with R from Resistor.SchLib
Replace Part R6 R in H:\Project\Ebike_Motor_Driver\pcb\ControllorBoard\ver0.1\ControllorBoardVer0.1\power.SchDoc with R from Resistor.SchLib
Replace Part R7 R in H:\Project\Ebike_Motor_Driver\pcb\ControllorBoard\ver0.1\ControllorBoardVer0.1\power.SchDoc with R from Resistor.SchLib
Replace Part R8 R in H:\Project\Ebike_Motor_Driver\pcb\ControllorBoard\ver0.1\ControllorBoardVer0.1\power.SchDoc with R from Resistor.SchLib
Replace Part R9 R in H:\Project\Ebike_Motor_Driver\pcb\ControllorBoard\ver0.1\ControllorBoardVer0.1\power.SchDoc with R from Resistor.SchLib
Replace Part R10 R in H:\Project\Ebike_Motor_Driver\pcb\ControllorBoard\ver0.1\ControllorBoardVer0.1\power.SchDoc with R from Resistor.SchLib
Replace Part R11 R in H:\Project\Ebike_Motor_Driver\pcb\ControllorBoard\ver0.1\ControllorBoardVer0.1\power.SchDoc with R from Resistor.SchLib
Replace Part R12 R in H:\Project\Ebike_Motor_Driver\pcb\ControllorBoard\ver0.1\ControllorBoardVer0.1\power.SchDoc with R from Resistor.SchLib
Replace Part R13 R in H:\Project\Ebike_Motor_Driver\pcb\ControllorBoard\ver0.1\ControllorBoardVer0.1\power.SchDoc with R from Resistor.SchLib
Replace Part R14 R in H:\Project\Ebike_Motor_Driver\pcb\ControllorBoard\ver0.1\ControllorBoardVer0.1\power.SchDoc with R from Resistor.SchLib
Replace Part U1 TP132C33D4_X2SON in H:\Project\Ebike_Motor_Driver\pcb\ControllorBoard\ver0.1\ControllorBoardVer0.1\power.SchDoc with TP132C33D4_X2SON from LDO.SchLib
Replace Part U2 TPS54335A-QFN in H:\Project\Ebike_Motor_Driver\pcb\ControllorBoard\ver0.1\ControllorBoardVer0.1\power.SchDoc with TPS54335A-QFN from DCDC Convert.SchLib
Replace Part U3 LP5907_X2SON in H:\Project\Ebike_Motor_Driver\pcb\ControllorBoard\ver0.1\ControllorBoardVer0.1\power.SchDoc with LP5907_X2SON from LDO.SchLib
Replace Part U£¿ KP521001 in H:\Project\Ebike_Motor_Driver\pcb\ControllorBoard\ver0.1\ControllorBoardVer0.1\power.SchDoc with KP521001 from DCDC Convert.SchLib
